-------------------------------------------------------------------------------
Test set: com.mayab.quality.integration.UserDAOTest
-------------------------------------------------------------------------------
Tests run: 8, Failures: 3, Errors: 1, Skipped: 0, Time elapsed: 1.269 s <<< FAILURE! -- in com.mayab.quality.integration.UserDAOTest
com.mayab.quality.integration.UserDAOTest.testUpdateUser -- Time elapsed: 0.109 s <<< FAILURE!
java.lang.AssertionError: 

Expected: is "username1"
     but: was null
	at org.hamcrest.MatcherAssert.assertThat(MatcherAssert.java:20)
	at org.hamcrest.MatcherAssert.assertThat(MatcherAssert.java:8)
	at com.mayab.quality.integration.UserDAOTest.testUpdateUser(UserDAOTest.java:120)
	at java.base/java.lang.reflect.Method.invoke(Method.java:568)
	at java.base/java.util.ArrayList.forEach(ArrayList.java:1511)
	at java.base/java.util.ArrayList.forEach(ArrayList.java:1511)

com.mayab.quality.integration.UserDAOTest.testFindUserById -- Time elapsed: 0.077 s <<< FAILURE!
java.lang.AssertionError: 

Expected: is "username1"
     but: was "user1"
	at org.hamcrest.MatcherAssert.assertThat(MatcherAssert.java:20)
	at org.hamcrest.MatcherAssert.assertThat(MatcherAssert.java:8)
	at com.mayab.quality.integration.UserDAOTest.testFindUserById(UserDAOTest.java:162)
	at java.base/java.lang.reflect.Method.invoke(Method.java:568)
	at java.base/java.util.ArrayList.forEach(ArrayList.java:1511)
	at java.base/java.util.ArrayList.forEach(ArrayList.java:1511)

com.mayab.quality.integration.UserDAOTest.testFindUserByEmail -- Time elapsed: 0.070 s <<< ERROR!
java.lang.NullPointerException: Cannot invoke "com.mayab.quality.loginunittest.model.User.getUsername()" because "usuario" is null
	at com.mayab.quality.integration.UserDAOTest.testFindUserByEmail(UserDAOTest.java:154)
	at java.base/java.lang.reflect.Method.invoke(Method.java:568)
	at java.base/java.util.ArrayList.forEach(ArrayList.java:1511)
	at java.base/java.util.ArrayList.forEach(ArrayList.java:1511)

com.mayab.quality.integration.UserDAOTest.testCreateUserWithDuplicateEmail -- Time elapsed: 0.091 s <<< FAILURE!
org.opentest4j.AssertionFailedError: Expected java.lang.Exception to be thrown, but nothing was thrown.
	at org.junit.jupiter.api.AssertionFailureBuilder.build(AssertionFailureBuilder.java:152)
	at org.junit.jupiter.api.AssertThrows.assertThrows(AssertThrows.java:73)
	at org.junit.jupiter.api.AssertThrows.assertThrows(AssertThrows.java:35)
	at org.junit.jupiter.api.Assertions.assertThrows(Assertions.java:3128)
	at com.mayab.quality.integration.UserDAOTest.testCreateUserWithDuplicateEmail(UserDAOTest.java:98)
	at java.base/java.lang.reflect.Method.invoke(Method.java:568)
	at java.base/java.util.ArrayList.forEach(ArrayList.java:1511)
	at java.base/java.util.ArrayList.forEach(ArrayList.java:1511)

