<?xml version="1.0" encoding="UTF-8"?>
<testsuite xmlns:xsi="http://www.w3.org/2001/XMLSchema-instance" xsi:noNamespaceSchemaLocation="https://maven.apache.org/surefire/maven-surefire-plugin/xsd/surefire-test-report.xsd" version="3.0.1" name="com.mayab.quality.loginunittest.service.UserServiceTest" time="0.009" tests="3" errors="0" skipped="0" failures="0">
  <properties>
[...]
</properties>
  <testcase name="whenPasswordShort_test" classname="com.mayab.quality.loginunittest.service.UserServiceTest" time="0.003"/>
  <testcase name="whenAllDataCorrect_saveUserTest" classname="com.mayab.quality.loginunittest.service.UserServiceTest" time="0.003"/>
  <testcase name="whenUserUpdateData_test" classname="com.mayab.quality.loginunittest.service.UserServiceTest" time="0.002"/>
</testsuite>